Copyright 1986-2020 Xilinx, Inc. All Rights Reserved.
-----------------------------------------------------------------------------------------------------------------------------------------------
| Tool Version : Vivado v.2020.2 (win64) Build 3064766 Wed Nov 18 09:12:45 MST 2020
| Date         : Wed Mar 15 16:02:16 2023
| Host         : DESKTOP-AAHUPRO running 64-bit major release  (build 9200)
| Command      : report_methodology -file top_methodology_drc_routed.rpt -pb top_methodology_drc_routed.pb -rpx top_methodology_drc_routed.rpx
| Design       : top
| Device       : xc7a35ticsg324-1L
| Speed File   : -1L
| Design State : Fully Routed
-----------------------------------------------------------------------------------------------------------------------------------------------

Report Methodology

Table of Contents
-----------------
1. REPORT SUMMARY
2. REPORT DETAILS

1. REPORT SUMMARY
-----------------
            Netlist: netlist
          Floorplan: design_1
      Design limits: <entire design considered>
             Max violations: <unlimited>
             Violations found: 3
+-----------+------------------+-----------------------------------+------------+
| Rule      | Severity         | Description                       | Violations |
+-----------+------------------+-----------------------------------+------------+
| TIMING-17 | Critical Warning | Non-clocked sequential cell       | 2          |
| REQP-1959 | Advisory         | connects_SERDES_RST_driver_not_FF | 1          |
+-----------+------------------+-----------------------------------+------------+

2. REPORT DETAILS
-----------------
TIMING-17#1 Critical Warning
Non-clocked sequential cell  
The clock pin rd/des/iserdes_i/CLK is not reached by a timing clock
Related violations: <none>

TIMING-17#2 Critical Warning
Non-clocked sequential cell  
The clock pin rd/des/iserdes_i/CLKB is not reached by a timing clock
Related violations: <none>

REQP-1959#1 Advisory
connects_SERDES_RST_driver_not_FF  
rd/des/iserdes_i: The RST pin should only be driven by a Flip-flop.
Related violations: <none>


